18:40:45: Creating resource group General
18:40:45: Creating resource group Internal
18:40:45: Creating resource group Autodetect
18:40:45: SceneManagerFactory for type 'DefaultSceneManager' registered.
18:40:45: Registering ResourceManager for type Material
18:40:45: Registering ResourceManager for type Mesh
18:40:45: Registering ResourceManager for type Skeleton
18:40:45: MovableObjectFactory for type 'ParticleSystem' registered.
18:40:45: OverlayElementFactory for type Panel registered.
18:40:45: OverlayElementFactory for type BorderPanel registered.
18:40:45: OverlayElementFactory for type TextArea registered.
18:40:45: Registering ResourceManager for type Font
18:40:45: ArchiveFactory for archive type FileSystem registered.
18:40:45: ArchiveFactory for archive type Zip registered.
18:40:45: DDS codec registering
18:40:45: FreeImage version: 3.10.0
18:40:45: This program uses FreeImage, a free, open source image library supporting all common bitmap formats. See http://freeimage.sourceforge.net for details
18:40:45: Supported formats: bmp,ico,jpg,jif,jpeg,jpe,jng,koa,iff,lbm,mng,pbm,pbm,pcd,pcx,pgm,pgm,png,ppm,ppm,ras,tga,targa,tif,tiff,wap,wbmp,wbm,psd,cut,xbm,xpm,gif,hdr,g3,sgi,exr,j2k,j2c,jp2
18:40:45: Registering ResourceManager for type HighLevelGpuProgram
18:40:45: Registering ResourceManager for type Compositor
18:40:45: MovableObjectFactory for type 'Entity' registered.
18:40:45: MovableObjectFactory for type 'Light' registered.
18:40:45: MovableObjectFactory for type 'BillboardSet' registered.
18:40:45: MovableObjectFactory for type 'ManualObject' registered.
18:40:45: MovableObjectFactory for type 'BillboardChain' registered.
18:40:45: MovableObjectFactory for type 'RibbonTrail' registered.
18:40:45: Loading library /usr/lib/OGRE/RenderSystem_GL
18:40:45: Installing plugin: GL RenderSystem
18:40:45: OpenGL Rendering Subsystem created.
18:40:46: Plugin successfully installed
18:40:46: Loading library /usr/lib/OGRE/Plugin_ParticleFX
18:40:46: Installing plugin: ParticleFX
18:40:46: Particle Emitter Type 'Point' registered
18:40:46: Particle Emitter Type 'Box' registered
18:40:46: Particle Emitter Type 'Ellipsoid' registered
18:40:46: Particle Emitter Type 'Cylinder' registered
18:40:46: Particle Emitter Type 'Ring' registered
18:40:46: Particle Emitter Type 'HollowEllipsoid' registered
18:40:46: Particle Affector Type 'LinearForce' registered
18:40:46: Particle Affector Type 'ColourFader' registered
18:40:46: Particle Affector Type 'ColourFader2' registered
18:40:46: Particle Affector Type 'ColourImage' registered
18:40:46: Particle Affector Type 'ColourInterpolator' registered
18:40:46: Particle Affector Type 'Scaler' registered
18:40:46: Particle Affector Type 'Rotator' registered
18:40:46: Particle Affector Type 'DirectionRandomiser' registered
18:40:46: Particle Affector Type 'DeflectorPlane' registered
18:40:46: Plugin successfully installed
18:40:46: Loading library /usr/lib/OGRE/Plugin_CgProgramManager
18:40:46: Installing plugin: Cg Program Manager
18:40:46: Plugin successfully installed
18:40:46: Loading library /usr/lib/OGRE/Plugin_OctreeSceneManager
18:40:46: Installing plugin: Octree & Terrain Scene Manager
18:40:46: Plugin successfully installed
18:40:46: *-*-* OGRE Initialising
18:40:46: *-*-* Version 1.7.1 (Cthugha)
18:40:46: Added resource location '../../Media' of type 'FileSystem' to resource group 'General'
18:40:46: Added resource location '../../Media/models/' of type 'FileSystem' to resource group 'General'
18:40:46: Added resource location '../../Media/models/Login/' of type 'FileSystem' to resource group 'General'
18:40:46: Added resource location '../../Media/models/textures/' of type 'FileSystem' to resource group 'General'
18:40:46: Added resource location '../../Media/particles/' of type 'FileSystem' to resource group 'General'
18:40:46: Added resource location '../../Media/shaders/' of type 'FileSystem' to resource group 'General'
18:40:46: Added resource location '../../Media/gui/' of type 'FileSystem' to resource group 'General'
18:40:46: Added resource location '../../Media/gui/core' of type 'FileSystem' to resource group 'General'
18:40:46: Added resource location '../../Media/sounds' of type 'FileSystem' to resource group 'General'
18:40:46: CPU Identifier & Features
18:40:46: -------------------------
18:40:46:  *   CPU ID: AuthenticAMD: AMD Athlon(tm) 64 X2 Dual Core Processor 4200+
18:40:46:  *      SSE: yes
18:40:46:  *     SSE2: yes
18:40:46:  *     SSE3: yes
18:40:46:  *      MMX: yes
18:40:46:  *   MMXEXT: yes
18:40:46:  *    3DNOW: yes
18:40:46:  * 3DNOWEXT: yes
18:40:46:  *     CMOV: yes
18:40:46:  *      TSC: yes
18:40:46:  *      FPU: yes
18:40:46:  *      PRO: yes
18:40:46:  *       HT: no
18:40:46: -------------------------
18:40:46: ******************************
*** Starting GLX Subsystem ***
******************************
18:40:46: GLRenderSystem::_createRenderWindow "3rd War", 1024x768 windowed  miscParams: FSAA= displayFrequency=60 MHz gamma=No vsync=No 
18:40:46: OGRE EXCEPTION(6:FileNotFoundException): Cannot locate resource GLX_icon.png in resource group General or any other group. in ResourceGroupManager::openResource at /home/darkhawk665/engine/ogre_src_v1-7-1/OgreMain/src/OgreResourceGroupManager.cpp (line 753)
18:40:46: GLXWindow::create used FBConfigID = 35
18:40:46: GL_VERSION = 1.3 Mesa 7.0.4
18:40:46: GL_VENDOR = Tungsten Graphics, Inc.
18:40:46: GL_RENDERER = Mesa DRI Radeon 20061018 AGP 4x NO-TCL
18:40:46: GL_EXTENSIONS = GL_ARB_imaging GL_ARB_multisample GL_ARB_multitexture GL_ARB_texture_border_clamp GL_ARB_texture_compression GL_ARB_texture_cube_map GL_ARB_texture_env_add GL_ARB_texture_env_combine GL_ARB_texture_env_crossbar GL_ARB_texture_env_dot3 GL_ARB_texture_mirrored_repeat GL_ARB_texture_rectangle GL_ARB_transpose_matrix GL_ARB_vertex_buffer_object GL_ARB_window_pos GL_EXT_abgr GL_EXT_bgra GL_EXT_blend_color GL_EXT_blend_logic_op GL_EXT_blend_minmax GL_EXT_blend_subtract GL_EXT_clip_volume_hint GL_EXT_compiled_vertex_array GL_EXT_convolution GL_EXT_copy_texture GL_EXT_draw_range_elements GL_EXT_fog_coord GL_EXT_histogram GL_EXT_packed_pixels GL_EXT_polygon_offset GL_EXT_rescale_normal GL_EXT_secondary_color GL_EXT_separate_specular_color GL_EXT_stencil_wrap GL_EXT_subtexture GL_EXT_texture GL_EXT_texture3D GL_EXT_texture_edge_clamp GL_EXT_texture_env_add GL_EXT_texture_env_combine GL_EXT_texture_env_dot3 GL_EXT_texture_filter_anisotropic GL_EXT_texture_lod_bias GL_EXT_texture_mirror_clamp GL_EXT_texture_object GL_EXT_texture_rectangle GL_EXT_vertex_array GL_APPLE_packed_pixels GL_ATI_texture_env_combine3 GL_ATI_texture_mirror_once GL_IBM_rasterpos_clip GL_IBM_texture_mirrored_repeat GL_MESA_ycbcr_texture GL_MESA_window_pos GL_NV_blend_square GL_NV_light_max_exponent GL_NV_texture_rectangle GL_NV_texgen_reflection GL_OES_read_format GL_SGI_color_matrix GL_SGI_color_table GL_SGIS_generate_mipmap GL_SGIS_texture_border_clamp GL_SGIS_texture_edge_clamp GL_SGIS_texture_lod
18:40:46: Supported GLX extensions: GLX_ARB_get_proc_address GLX_ARB_multisample GLX_EXT_import_context GLX_EXT_visual_info GLX_EXT_visual_rating GLX_MESA_copy_sub_buffer GLX_MESA_swap_control GLX_MESA_swap_frame_usage GLX_OML_swap_method GLX_SGI_make_current_read GLX_SGI_swap_control GLX_SGI_video_sync GLX_SGIS_multisample GLX_SGIX_fbconfig GLX_SGIX_visual_select_group 
18:40:46: ***************************
18:40:46: *** GL Renderer Started ***
18:40:46: ***************************
18:40:46: Registering ResourceManager for type GpuProgram
18:40:46: GL: Using framebuffer copy for rendering to textures (worst)
18:40:46: GL: Warning: RenderTexture size is restricted to size of framebuffer. If you are on Linux, consider using GLX instead of SDL.
18:40:46: RenderSystem capabilities
18:40:46: -------------------------
18:40:46: RenderSystem Name: OpenGL Rendering Subsystem
18:40:46: GPU Vendor: unknown
18:40:46: Device Name: Mesa DRI Radeon 20061018 AGP 4x NO-TCL
18:40:46: Driver Version: 1.3.0.0
18:40:46:  * Fixed function pipeline: yes
18:40:46:  * Hardware generation of mipmaps: yes
18:40:46:  * Texture blending: yes
18:40:46:  * Anisotropic texture filtering: yes
18:40:46:  * Dot product texture operation: yes
18:40:46:  * Cube mapping: yes
18:40:46:  * Hardware stencil buffer: yes
18:40:46:    - Stencil depth: 8
18:40:46:    - Two sided stencil support: no
18:40:46:    - Wrap stencil values: yes
18:40:46:  * Hardware vertex / index buffers: yes
18:40:46:  * Vertex programs: no
18:40:46:  * Number of floating-point constants for vertex programs: 0
18:40:46:  * Number of integer constants for vertex programs: 0
18:40:46:  * Number of boolean constants for vertex programs: 0
18:40:46:  * Fragment programs: no
18:40:46:  * Number of floating-point constants for fragment programs: 0
18:40:46:  * Number of integer constants for fragment programs: 0
18:40:46:  * Number of boolean constants for fragment programs: 0
18:40:46:  * Geometry programs: no
18:40:46:  * Number of floating-point constants for geometry programs: 0
18:40:46:  * Number of integer constants for geometry programs: 0
18:40:46:  * Number of boolean constants for geometry programs: 0
18:40:46:  * Supported Shader Profiles:
18:40:46:  * Texture Compression: yes
18:40:46:    - DXT: no
18:40:46:    - VTC: no
18:40:46:    - PVRTC: no
18:40:46:  * Scissor Rectangle: yes
18:40:46:  * Hardware Occlusion Query: no
18:40:46:  * User clip planes: yes
18:40:46:  * VET_UBYTE4 vertex element type: yes
18:40:46:  * Infinite far plane projection: yes
18:40:46:  * Hardware render-to-texture: no
18:40:46:  * Floating point textures: no
18:40:46:  * Non-power-of-two textures: no
18:40:46:  * Volume textures: yes
18:40:46:  * Multiple Render Targets: 1
18:40:46:    - With different bit depths: no
18:40:46:  * Point Sprites: no
18:40:46:  * Extended point parameters: no
18:40:46:  * Max Point Size: 1
18:40:46:  * Vertex texture fetch: no
18:40:46:  * Number of world matrices: 0
18:40:46:  * Number of texture units: 3
18:40:46:  * Stencil buffer depth: 8
18:40:46:  * Number of vertex blend matrices: 0
18:40:46:  * Render to Vertex Buffer : no
18:40:46:  * GL 1.5 without VBO workaround: no
18:40:46:  * Frame Buffer objects: no
18:40:46:  * Frame Buffer objects (ARB extension): no
18:40:46:  * Frame Buffer objects (ATI extension): no
18:40:46:  * PBuffer support: no
18:40:46:  * GL 1.5 without HW-occlusion workaround: no
18:40:46: Registering ResourceManager for type Texture
18:40:46: DefaultWorkQueue('Root') initialising on thread 0x643850.
18:40:46: DefaultWorkQueue('Root')::WorkerFunc - thread 0x7ca230 starting.
18:40:46: DefaultWorkQueue('Root')::WorkerFunc - thread 0x7ca510 starting.
18:40:46: Particle Renderer Type 'billboard' registered
18:40:46: SceneManagerFactory for type 'OctreeSceneManager' registered.
18:40:46: SceneManagerFactory for type 'TerrainSceneManager' registered.
18:40:46: Parsing scripts for resource group Autodetect
18:40:46: Finished parsing scripts for resource group Autodetect
18:40:46: Parsing scripts for resource group General
18:40:46: Parsing script Costal.material
18:40:46: Parsing script Track.material
18:40:46: Parsing script CloudySky.material
18:40:46: Parsing script smoke.material
18:40:46: Parsing script rain.material
18:40:46: Parsing script rain.particle
18:40:46: Parsing script smoke.particle
18:40:46: Finished parsing scripts for resource group General
18:40:46: Parsing scripts for resource group Internal
18:40:46: Finished parsing scripts for resource group Internal
18:40:46: 


 ===================  Initializing MyGUI ===================

18:40:46: Texture: core.png: Loading 1 faces(PF_A8R8G8B8,1024x256x1) with  hardware generated mipmaps from Image. Internal format is PF_A8R8G8B8,1024x256x1.
18:40:46: Texture: core_pointer.png: Loading 1 faces(PF_A8R8G8B8,256x128x1) with  hardware generated mipmaps from Image. Internal format is PF_A8R8G8B8,256x128x1.
18:40:47: Texture: core_black_blue.png: Loading 1 faces(PF_A8R8G8B8,1024x256x1) with  hardware generated mipmaps from Image. Internal format is PF_A8R8G8B8,1024x256x1.
18:40:47: Texture: logo.png: Loading 1 faces(PF_A8R8G8B8,853x797x1) with  hardware generated mipmaps from Image. Internal format is PF_A8R8G8B8,1024x1024x1.
18:40:47: Texture: logoWh.png: Loading 1 faces(PF_A8R8G8B8,363x100x1) with  hardware generated mipmaps from Image. Internal format is PF_A8R8G8B8,512x128x1.
18:40:47: Texture: clouds.jpg: Loading 1 faces(PF_R8G8B8,256x256x1) with 5 hardware generated mipmaps from Image. Internal format is PF_X8R8G8B8,256x256x1.
18:40:47: Mesh: Loading Track.mesh.
18:40:47: Texture: grass3_cyc.jpg: Loading 1 faces(PF_R8G8B8,1474x1345x1) with 5 hardware generated mipmaps from Image. Internal format is PF_X8R8G8B8,2048x2048x1.
18:40:47: Mesh: Loading Costal.mesh.
18:40:47: WARNING: Costal.mesh is an older format ([MeshSerializer_v1.40]); you should upgrade it as soon as possible using the OgreMeshUpgrade tool.
18:40:47: Texture: bulto_DIFFUSE.png: Loading 1 faces(PF_R8G8B8,1024x1024x1) with 5 hardware generated mipmaps from Image. Internal format is PF_X8R8G8B8,1024x1024x1.
18:40:47: 


=================== Initializing OIS ===================

18:40:47: 


=================== Starting Ogre rendering system ===================

18:40:47: Texture: spot_shadow_fade.png: Loading 1 faces(PF_R8G8B8,128x128x1) with 5 hardware generated mipmaps from Image. Internal format is PF_X8R8G8B8,128x128x1.
18:40:59: Unregistering ResourceManager for type GpuProgram
18:40:59: ******************************
*** Stopping GLX Subsystem ***
******************************
18:40:59: Unregistering ResourceManager for type Texture
18:40:59: Uninstalling plugin: GL RenderSystem
18:40:59: ******************************
*** Stopping GLX Subsystem ***
******************************
18:40:59: Plugin successfully uninstalled
18:40:59: Uninstalling plugin: ParticleFX
18:40:59: Plugin successfully uninstalled
18:40:59: Uninstalling plugin: Cg Program Manager
18:40:59: Plugin successfully uninstalled
18:40:59: Uninstalling plugin: Octree & Terrain Scene Manager
18:40:59: Plugin successfully uninstalled
18:40:59: DefaultWorkQueue('Root') shutting down on thread 0x643850.
18:40:59: DefaultWorkQueue('Root')::WorkerFunc - thread 0x7ca230 stopped.
18:40:59: DefaultWorkQueue('Root')::WorkerFunc - thread 0x7ca510 stopped.
