This file contains any messages produced by compilers while
running configure, to aid debugging if configure makes a mistake.

It was created by whitehawkSystem configure 1.0, which was
generated by GNU Autoconf 2.61.  Invocation command line was

  $ ./configure --enable-shared

## --------- ##
## Platform. ##
## --------- ##

hostname = whiyehawk
uname -m = i686
uname -r = 2.6.26
uname -s = Linux
uname -v = #1 SMP Fri Aug 1 12:49:38 COT 2008

/usr/bin/uname -p = unknown
/bin/uname -X     = unknown

/bin/arch              = unknown
/usr/bin/arch -k       = unknown
/usr/convex/getsysinfo = unknown
/usr/bin/hostinfo      = unknown
/bin/machine           = unknown
/usr/bin/oslevel       = unknown
/bin/universe          = unknown

PATH: /usr/local/bin
PATH: /usr/bin
PATH: /bin
PATH: /usr/games


## ----------- ##
## Core tests. ##
## ----------- ##

configure:1996: checking for a BSD-compatible install
configure:2052: result: /usr/local/bin/install -c
configure:2063: checking whether build environment is sane
configure:2106: result: yes
configure:2134: checking for a thread-safe mkdir -p
configure:2173: result: /usr/local/bin/mkdir -p
configure:2186: checking for gawk
configure:2202: found /usr/local/bin/gawk
configure:2213: result: gawk
configure:2224: checking whether make sets $(MAKE)
configure:2245: result: yes
configure:2482: checking for gcc
configure:2498: found /usr/bin/gcc
configure:2509: result: gcc
configure:2747: checking for C compiler version
configure:2754: gcc --version >&5
gcc (Debian 4.3.1-2) 4.3.1
Copyright (C) 2008 Free Software Foundation, Inc.
This is free software; see the source for copying conditions.  There is NO
warranty; not even for MERCHANTABILITY or FITNESS FOR A PARTICULAR PURPOSE.

configure:2757: $? = 0
configure:2764: gcc -v >&5
Using built-in specs.
Target: i486-linux-gnu
Configured with: ../src/configure -v --with-pkgversion='Debian 4.3.1-2' --with-bugurl=file:///usr/share/doc/gcc-4.3/README.Bugs --enable-languages=c,c++,fortran,objc,obj-c++ --prefix=/usr --enable-shared --with-system-zlib --libexecdir=/usr/lib --without-included-gettext --enable-threads=posix --enable-nls --with-gxx-include-dir=/usr/include/c++/4.3 --program-suffix=-4.3 --enable-clocale=gnu --enable-libstdcxx-debug --enable-objc-gc --enable-mpfr --enable-targets=all --enable-cld --enable-checking=release --build=i486-linux-gnu --host=i486-linux-gnu --target=i486-linux-gnu
Thread model: posix
gcc version 4.3.1 (Debian 4.3.1-2) 
configure:2767: $? = 0
configure:2774: gcc -V >&5
gcc: '-V' option must have argument
configure:2777: $? = 1
configure:2800: checking for C compiler default output file name
configure:2827: gcc    conftest.c  >&5
configure:2830: $? = 0
configure:2868: result: a.out
configure:2885: checking whether the C compiler works
configure:2895: ./a.out
configure:2898: $? = 0
configure:2915: result: yes
configure:2922: checking whether we are cross compiling
configure:2924: result: no
configure:2927: checking for suffix of executables
configure:2934: gcc -o conftest    conftest.c  >&5
configure:2937: $? = 0
configure:2961: result: 
configure:2967: checking for suffix of object files
configure:2993: gcc -c   conftest.c >&5
configure:2996: $? = 0
configure:3019: result: o
configure:3023: checking whether we are using the GNU C compiler
configure:3052: gcc -c   conftest.c >&5
configure:3058: $? = 0
configure:3075: result: yes
configure:3080: checking whether gcc accepts -g
configure:3110: gcc -c -g  conftest.c >&5
configure:3116: $? = 0
configure:3215: result: yes
configure:3232: checking for gcc option to accept ISO C89
configure:3306: gcc  -c -g -O2  conftest.c >&5
configure:3312: $? = 0
configure:3335: result: none needed
configure:3364: checking for style of include used by make
configure:3392: result: GNU
configure:3417: checking dependency style of gcc
configure:3508: result: gcc3
configure:3581: checking for g++
configure:3597: found /usr/bin/g++
configure:3608: result: g++
configure:3639: checking for C++ compiler version
configure:3646: g++ --version >&5
g++ (Debian 4.3.1-2) 4.3.1
Copyright (C) 2008 Free Software Foundation, Inc.
This is free software; see the source for copying conditions.  There is NO
warranty; not even for MERCHANTABILITY or FITNESS FOR A PARTICULAR PURPOSE.

configure:3649: $? = 0
configure:3656: g++ -v >&5
Using built-in specs.
Target: i486-linux-gnu
Configured with: ../src/configure -v --with-pkgversion='Debian 4.3.1-2' --with-bugurl=file:///usr/share/doc/gcc-4.3/README.Bugs --enable-languages=c,c++,fortran,objc,obj-c++ --prefix=/usr --enable-shared --with-system-zlib --libexecdir=/usr/lib --without-included-gettext --enable-threads=posix --enable-nls --with-gxx-include-dir=/usr/include/c++/4.3 --program-suffix=-4.3 --enable-clocale=gnu --enable-libstdcxx-debug --enable-objc-gc --enable-mpfr --enable-targets=all --enable-cld --enable-checking=release --build=i486-linux-gnu --host=i486-linux-gnu --target=i486-linux-gnu
Thread model: posix
gcc version 4.3.1 (Debian 4.3.1-2) 
configure:3659: $? = 0
configure:3666: g++ -V >&5
g++: '-V' option must have argument
configure:3669: $? = 1
configure:3672: checking whether we are using the GNU C++ compiler
configure:3701: g++ -c   conftest.cpp >&5
configure:3707: $? = 0
configure:3724: result: yes
configure:3729: checking whether g++ accepts -g
configure:3759: g++ -c -g  conftest.cpp >&5
configure:3765: $? = 0
configure:3864: result: yes
configure:3889: checking dependency style of g++
configure:3980: result: gcc3
configure:4000: checking for flex
configure:4030: result: no
configure:4000: checking for lex
configure:4030: result: no
configure:4207: checking for bison
configure:4237: result: no
configure:4207: checking for byacc
configure:4237: result: no
configure:4324: checking build system type
configure:4342: result: i686-pc-linux-gnu
configure:4364: checking host system type
configure:4379: result: i686-pc-linux-gnu
configure:4401: checking for a sed that does not truncate output
configure:4457: result: /bin/sed
configure:4460: checking for grep that handles long lines and -e
configure:4534: result: /bin/grep
configure:4539: checking for egrep
configure:4617: result: /bin/grep -E
configure:4633: checking for ld used by gcc
configure:4700: result: /usr/local/bin/ld
configure:4709: checking if the linker (/usr/local/bin/ld) is GNU ld
configure:4724: result: yes
configure:4729: checking for /usr/local/bin/ld option to reload object files
configure:4736: result: -r
configure:4754: checking for BSD-compatible nm
configure:4803: result: /usr/local/bin/nm -B
configure:4807: checking whether ln -s works
configure:4811: result: yes
configure:4818: checking how to recognize dependent libraries
configure:5004: result: pass_all
configure:5248: checking how to run the C preprocessor
configure:5288: gcc -E  conftest.c
configure:5294: $? = 0
configure:5325: gcc -E  conftest.c
conftest.c:10:28: error: ac_nonexistent.h: No such file or directory
configure:5331: $? = 1
configure: failed program was:
| /* confdefs.h.  */
| #define PACKAGE_NAME "whitehawkSystem"
| #define PACKAGE_TARNAME "whitehawksystem"
| #define PACKAGE_VERSION "1.0"
| #define PACKAGE_STRING "whitehawkSystem 1.0"
| #define PACKAGE_BUGREPORT "darkhawk665@yahoo.com"
| #define PACKAGE "whitehawksystem"
| #define VERSION "1.0"
| /* end confdefs.h.  */
| #include <ac_nonexistent.h>
configure:5364: result: gcc -E
configure:5393: gcc -E  conftest.c
configure:5399: $? = 0
configure:5430: gcc -E  conftest.c
conftest.c:10:28: error: ac_nonexistent.h: No such file or directory
configure:5436: $? = 1
configure: failed program was:
| /* confdefs.h.  */
| #define PACKAGE_NAME "whitehawkSystem"
| #define PACKAGE_TARNAME "whitehawksystem"
| #define PACKAGE_VERSION "1.0"
| #define PACKAGE_STRING "whitehawkSystem 1.0"
| #define PACKAGE_BUGREPORT "darkhawk665@yahoo.com"
| #define PACKAGE "whitehawksystem"
| #define VERSION "1.0"
| /* end confdefs.h.  */
| #include <ac_nonexistent.h>
configure:5474: checking for ANSI C header files
configure:5504: gcc -c -g -O2  conftest.c >&5
configure:5510: $? = 0
configure:5609: gcc -o conftest -g -O2   conftest.c  >&5
configure:5612: $? = 0
configure:5618: ./conftest
configure:5621: $? = 0
configure:5638: result: yes
configure:5662: checking for sys/types.h
configure:5683: gcc -c -g -O2  conftest.c >&5
configure:5689: $? = 0
configure:5705: result: yes
configure:5662: checking for sys/stat.h
configure:5683: gcc -c -g -O2  conftest.c >&5
configure:5689: $? = 0
configure:5705: result: yes
configure:5662: checking for stdlib.h
configure:5683: gcc -c -g -O2  conftest.c >&5
configure:5689: $? = 0
configure:5705: result: yes
configure:5662: checking for string.h
configure:5683: gcc -c -g -O2  conftest.c >&5
configure:5689: $? = 0
configure:5705: result: yes
configure:5662: checking for memory.h
configure:5683: gcc -c -g -O2  conftest.c >&5
configure:5689: $? = 0
configure:5705: result: yes
configure:5662: checking for strings.h
configure:5683: gcc -c -g -O2  conftest.c >&5
configure:5689: $? = 0
configure:5705: result: yes
configure:5662: checking for inttypes.h
configure:5683: gcc -c -g -O2  conftest.c >&5
configure:5689: $? = 0
configure:5705: result: yes
configure:5662: checking for stdint.h
configure:5683: gcc -c -g -O2  conftest.c >&5
configure:5689: $? = 0
configure:5705: result: yes
configure:5662: checking for unistd.h
configure:5683: gcc -c -g -O2  conftest.c >&5
configure:5689: $? = 0
configure:5705: result: yes
configure:5732: checking dlfcn.h usability
configure:5749: gcc -c -g -O2  conftest.c >&5
configure:5755: $? = 0
configure:5769: result: yes
configure:5773: checking dlfcn.h presence
configure:5788: gcc -E  conftest.c
configure:5794: $? = 0
configure:5808: result: yes
configure:5841: checking for dlfcn.h
configure:5849: result: yes
configure:5872: checking how to run the C++ preprocessor
configure:5908: g++ -E  conftest.cpp
configure:5914: $? = 0
configure:5945: g++ -E  conftest.cpp
conftest.cpp:21:28: error: ac_nonexistent.h: No such file or directory
configure:5951: $? = 1
configure: failed program was:
| /* confdefs.h.  */
| #define PACKAGE_NAME "whitehawkSystem"
| #define PACKAGE_TARNAME "whitehawksystem"
| #define PACKAGE_VERSION "1.0"
| #define PACKAGE_STRING "whitehawkSystem 1.0"
| #define PACKAGE_BUGREPORT "darkhawk665@yahoo.com"
| #define PACKAGE "whitehawksystem"
| #define VERSION "1.0"
| #define STDC_HEADERS 1
| #define HAVE_SYS_TYPES_H 1
| #define HAVE_SYS_STAT_H 1
| #define HAVE_STDLIB_H 1
| #define HAVE_STRING_H 1
| #define HAVE_MEMORY_H 1
| #define HAVE_STRINGS_H 1
| #define HAVE_INTTYPES_H 1
| #define HAVE_STDINT_H 1
| #define HAVE_UNISTD_H 1
| #define HAVE_DLFCN_H 1
| /* end confdefs.h.  */
| #include <ac_nonexistent.h>
configure:5984: result: g++ -E
configure:6013: g++ -E  conftest.cpp
configure:6019: $? = 0
configure:6050: g++ -E  conftest.cpp
conftest.cpp:21:28: error: ac_nonexistent.h: No such file or directory
configure:6056: $? = 1
configure: failed program was:
| /* confdefs.h.  */
| #define PACKAGE_NAME "whitehawkSystem"
| #define PACKAGE_TARNAME "whitehawksystem"
| #define PACKAGE_VERSION "1.0"
| #define PACKAGE_STRING "whitehawkSystem 1.0"
| #define PACKAGE_BUGREPORT "darkhawk665@yahoo.com"
| #define PACKAGE "whitehawksystem"
| #define VERSION "1.0"
| #define STDC_HEADERS 1
| #define HAVE_SYS_TYPES_H 1
| #define HAVE_SYS_STAT_H 1
| #define HAVE_STDLIB_H 1
| #define HAVE_STRING_H 1
| #define HAVE_MEMORY_H 1
| #define HAVE_STRINGS_H 1
| #define HAVE_INTTYPES_H 1
| #define HAVE_STDINT_H 1
| #define HAVE_UNISTD_H 1
| #define HAVE_DLFCN_H 1
| /* end confdefs.h.  */
| #include <ac_nonexistent.h>
configure:6149: checking for g77
configure:6179: result: no
configure:6149: checking for xlf
configure:6179: result: no
configure:6149: checking for f77
configure:6179: result: no
configure:6149: checking for frt
configure:6179: result: no
configure:6149: checking for pgf77
configure:6179: result: no
configure:6149: checking for cf77
configure:6179: result: no
configure:6149: checking for fort77
configure:6179: result: no
configure:6149: checking for fl32
configure:6179: result: no
configure:6149: checking for af77
configure:6179: result: no
configure:6149: checking for xlf90
configure:6179: result: no
configure:6149: checking for f90
configure:6179: result: no
configure:6149: checking for pgf90
configure:6179: result: no
configure:6149: checking for pghpf
configure:6179: result: no
configure:6149: checking for epcf90
configure:6179: result: no
configure:6149: checking for gfortran
configure:6179: result: no
configure:6149: checking for g95
configure:6179: result: no
configure:6149: checking for xlf95
configure:6179: result: no
configure:6149: checking for f95
configure:6179: result: no
configure:6149: checking for fort
configure:6179: result: no
configure:6149: checking for ifort
configure:6179: result: no
configure:6149: checking for ifc
configure:6179: result: no
configure:6149: checking for efc
configure:6179: result: no
configure:6149: checking for pgf95
configure:6179: result: no
configure:6149: checking for lf95
configure:6179: result: no
configure:6149: checking for ftn
configure:6179: result: no
configure:6206: checking for Fortran 77 compiler version
configure:6213:  --version >&5
./configure: line 6214: --version: command not found
configure:6216: $? = 127
configure:6223:  -v >&5
./configure: line 6224: -v: command not found
configure:6226: $? = 127
configure:6233:  -V >&5
./configure: line 6234: -V: command not found
configure:6236: $? = 127
configure:6244: checking whether we are using the GNU Fortran 77 compiler
configure:6263:  -c  conftest.F >&5
./configure: line 6264: -c: command not found
configure:6269: $? = 127
configure: failed program was:
|       program main
| #ifndef __GNUC__
|        choke me
| #endif
| 
|       end
configure:6286: result: no
configure:6292: checking whether  accepts -g
configure:6309:  -c -g conftest.f >&5
./configure: line 6310: -c: command not found
configure:6315: $? = 127
configure: failed program was:
|       program main
| 
|       end
configure:6331: result: no
configure:6360: checking the maximum length of command line arguments
configure:6472: result: 98304
configure:6484: checking command to parse /usr/local/bin/nm -B output from gcc object
configure:6589: gcc -c -g -O2  conftest.c >&5
configure:6592: $? = 0
configure:6596: /usr/local/bin/nm -B conftest.o \| sed -n -e 's/^.*[ 	]\([ABCDGIRSTW][ABCDGIRSTW]*\)[ 	][ 	]*\([_A-Za-z][_A-Za-z0-9]*\)$/\1 \2 \2/p' \> conftest.nm
configure:6599: $? = 0
configure:6651: gcc -o conftest -g -O2   conftest.c conftstm.o >&5
configure:6654: $? = 0
configure:6692: result: ok
configure:6696: checking for objdir
configure:6711: result: .libs
configure:6803: checking for ar
configure:6819: found /usr/local/bin/ar
configure:6830: result: ar
configure:6899: checking for ranlib
configure:6915: found /usr/local/bin/ranlib
configure:6926: result: ranlib
configure:6995: checking for strip
configure:7011: found /usr/local/bin/strip
configure:7022: result: strip
configure:7620: checking if gcc supports -fno-rtti -fno-exceptions
configure:7638: gcc -c -g -O2  -fno-rtti -fno-exceptions conftest.c >&5
cc1: warning: command line option "-fno-rtti" is valid for C++/ObjC++ but not for C
configure:7642: $? = 0
configure:7655: result: no
configure:7670: checking for gcc option to produce PIC
configure:7902: result: -fPIC
configure:7910: checking if gcc PIC flag -fPIC works
configure:7928: gcc -c -g -O2  -fPIC -DPIC conftest.c >&5
configure:7932: $? = 0
configure:7945: result: yes
configure:7973: checking if gcc static flag -static works
configure:8001: result: yes
configure:8011: checking if gcc supports -c -o file.o
configure:8032: gcc -c -g -O2  -o out/conftest2.o conftest.c >&5
configure:8036: $? = 0
configure:8058: result: yes
configure:8084: checking whether the gcc linker (/usr/local/bin/ld) supports shared libraries
configure:9065: result: yes
configure:9086: checking whether -lc should be explicitly linked in
configure:9091: gcc -c -g -O2  conftest.c >&5
configure:9094: $? = 0
configure:9109: gcc -shared conftest.o  -v -Wl,-soname -Wl,conftest -o conftest 2\>\&1 \| grep  -lc  \>/dev/null 2\>\&1
configure:9112: $? = 0
configure:9124: result: no
configure:9132: checking dynamic linker characteristics
configure:9746: result: GNU/Linux ld.so
configure:9770: checking how to hardcode library paths into programs
configure:9795: result: immediate
configure:9809: checking whether stripping libraries is possible
configure:9814: result: yes
configure:10616: checking if libtool supports shared libraries
configure:10618: result: yes
configure:10621: checking whether to build shared libraries
configure:10642: result: yes
configure:10645: checking whether to build static libraries
configure:10649: result: yes
configure:10743: creating libtool
configure:11336: checking for ld used by g++
configure:11403: result: /usr/local/bin/ld
configure:11412: checking if the linker (/usr/local/bin/ld) is GNU ld
configure:11427: result: yes
configure:11478: checking whether the g++ linker (/usr/local/bin/ld) supports shared libraries
configure:12424: result: yes
configure:12441: g++ -c -g -O2  conftest.cpp >&5
configure:12444: $? = 0
configure:12600: checking for g++ option to produce PIC
configure:12884: result: -fPIC
configure:12892: checking if g++ PIC flag -fPIC works
configure:12910: g++ -c -g -O2  -fPIC -DPIC conftest.cpp >&5
configure:12914: $? = 0
configure:12927: result: yes
configure:12955: checking if g++ static flag -static works
configure:12983: result: yes
configure:12993: checking if g++ supports -c -o file.o
configure:13014: g++ -c -g -O2  -o out/conftest2.o conftest.cpp >&5
configure:13018: $? = 0
configure:13040: result: yes
configure:13066: checking whether the g++ linker (/usr/local/bin/ld) supports shared libraries
configure:13095: result: yes
configure:13162: checking dynamic linker characteristics
configure:13724: result: GNU/Linux ld.so
configure:13748: checking how to hardcode library paths into programs
configure:13773: result: immediate
configure:20020: checking for ANSI C header files
configure:20184: result: yes
configure:20212: checking string usability
configure:20229: gcc -c -g -O2  conftest.c >&5
conftest.c:55:18: error: string: No such file or directory
configure:20235: $? = 1
configure: failed program was:
| /* confdefs.h.  */
| #define PACKAGE_NAME "whitehawkSystem"
| #define PACKAGE_TARNAME "whitehawksystem"
| #define PACKAGE_VERSION "1.0"
| #define PACKAGE_STRING "whitehawkSystem 1.0"
| #define PACKAGE_BUGREPORT "darkhawk665@yahoo.com"
| #define PACKAGE "whitehawksystem"
| #define VERSION "1.0"
| #define STDC_HEADERS 1
| #define HAVE_SYS_TYPES_H 1
| #define HAVE_SYS_STAT_H 1
| #define HAVE_STDLIB_H 1
| #define HAVE_STRING_H 1
| #define HAVE_MEMORY_H 1
| #define HAVE_STRINGS_H 1
| #define HAVE_INTTYPES_H 1
| #define HAVE_STDINT_H 1
| #define HAVE_UNISTD_H 1
| #define HAVE_DLFCN_H 1
| #define STDC_HEADERS 1
| /* end confdefs.h.  */
| #include <stdio.h>
| #ifdef HAVE_SYS_TYPES_H
| # include <sys/types.h>
| #endif
| #ifdef HAVE_SYS_STAT_H
| # include <sys/stat.h>
| #endif
| #ifdef STDC_HEADERS
| # include <stdlib.h>
| # include <stddef.h>
| #else
| # ifdef HAVE_STDLIB_H
| #  include <stdlib.h>
| # endif
| #endif
| #ifdef HAVE_STRING_H
| # if !defined STDC_HEADERS && defined HAVE_MEMORY_H
| #  include <memory.h>
| # endif
| # include <string.h>
| #endif
| #ifdef HAVE_STRINGS_H
| # include <strings.h>
| #endif
| #ifdef HAVE_INTTYPES_H
| # include <inttypes.h>
| #endif
| #ifdef HAVE_STDINT_H
| # include <stdint.h>
| #endif
| #ifdef HAVE_UNISTD_H
| # include <unistd.h>
| #endif
| #include <string>
configure:20249: result: no
configure:20253: checking string presence
configure:20268: gcc -E  conftest.c
conftest.c:22:18: error: string: No such file or directory
configure:20274: $? = 1
configure: failed program was:
| /* confdefs.h.  */
| #define PACKAGE_NAME "whitehawkSystem"
| #define PACKAGE_TARNAME "whitehawksystem"
| #define PACKAGE_VERSION "1.0"
| #define PACKAGE_STRING "whitehawkSystem 1.0"
| #define PACKAGE_BUGREPORT "darkhawk665@yahoo.com"
| #define PACKAGE "whitehawksystem"
| #define VERSION "1.0"
| #define STDC_HEADERS 1
| #define HAVE_SYS_TYPES_H 1
| #define HAVE_SYS_STAT_H 1
| #define HAVE_STDLIB_H 1
| #define HAVE_STRING_H 1
| #define HAVE_MEMORY_H 1
| #define HAVE_STRINGS_H 1
| #define HAVE_INTTYPES_H 1
| #define HAVE_STDINT_H 1
| #define HAVE_UNISTD_H 1
| #define HAVE_DLFCN_H 1
| #define STDC_HEADERS 1
| /* end confdefs.h.  */
| #include <string>
configure:20288: result: no
configure:20321: checking for string
configure:20329: result: no
configure:20212: checking fcntl.h usability
configure:20229: gcc -c -g -O2  conftest.c >&5
configure:20235: $? = 0
configure:20249: result: yes
configure:20253: checking fcntl.h presence
configure:20268: gcc -E  conftest.c
configure:20274: $? = 0
configure:20288: result: yes
configure:20321: checking for fcntl.h
configure:20329: result: yes
configure:20212: checking zzip/lib.h usability
configure:20229: gcc -c -g -O2  conftest.c >&5
configure:20235: $? = 0
configure:20249: result: yes
configure:20253: checking zzip/lib.h presence
configure:20268: gcc -E  conftest.c
configure:20274: $? = 0
configure:20288: result: yes
configure:20321: checking for zzip/lib.h
configure:20329: result: yes
configure:20495: creating ./config.status

## ---------------------- ##
## Running config.status. ##
## ---------------------- ##

This file was extended by whitehawkSystem config.status 1.0, which was
generated by GNU Autoconf 2.61.  Invocation command line was

  CONFIG_FILES    = 
  CONFIG_HEADERS  = 
  CONFIG_LINKS    = 
  CONFIG_COMMANDS = 
  $ ./config.status 

on whiyehawk

config.status:654: creating Makefile
config.status:654: creating src/Makefile
config.status:654: creating pc/libwhsystem-1.0.pc
config.status:845: executing depfiles commands

## ---------------- ##
## Cache variables. ##
## ---------------- ##

ac_cv_build=i686-pc-linux-gnu
ac_cv_c_compiler_gnu=yes
ac_cv_cxx_compiler_gnu=yes
ac_cv_env_CCC_set=
ac_cv_env_CCC_value=
ac_cv_env_CC_set=
ac_cv_env_CC_value=
ac_cv_env_CFLAGS_set=
ac_cv_env_CFLAGS_value=
ac_cv_env_CPPFLAGS_set=
ac_cv_env_CPPFLAGS_value=
ac_cv_env_CPP_set=
ac_cv_env_CPP_value=
ac_cv_env_CXXCPP_set=
ac_cv_env_CXXCPP_value=
ac_cv_env_CXXFLAGS_set=
ac_cv_env_CXXFLAGS_value=
ac_cv_env_CXX_set=
ac_cv_env_CXX_value=
ac_cv_env_F77_set=
ac_cv_env_F77_value=
ac_cv_env_FFLAGS_set=
ac_cv_env_FFLAGS_value=
ac_cv_env_LDFLAGS_set=
ac_cv_env_LDFLAGS_value=
ac_cv_env_LIBS_set=
ac_cv_env_LIBS_value=
ac_cv_env_YACC_set=
ac_cv_env_YACC_value=
ac_cv_env_YFLAGS_set=
ac_cv_env_YFLAGS_value=
ac_cv_env_build_alias_set=
ac_cv_env_build_alias_value=
ac_cv_env_host_alias_set=
ac_cv_env_host_alias_value=
ac_cv_env_target_alias_set=
ac_cv_env_target_alias_value=
ac_cv_f77_compiler_gnu=no
ac_cv_header_dlfcn_h=yes
ac_cv_header_fcntl_h=yes
ac_cv_header_inttypes_h=yes
ac_cv_header_memory_h=yes
ac_cv_header_stdc=yes
ac_cv_header_stdint_h=yes
ac_cv_header_stdlib_h=yes
ac_cv_header_string=no
ac_cv_header_string_h=yes
ac_cv_header_strings_h=yes
ac_cv_header_sys_stat_h=yes
ac_cv_header_sys_types_h=yes
ac_cv_header_unistd_h=yes
ac_cv_header_zzip_lib_h=yes
ac_cv_host=i686-pc-linux-gnu
ac_cv_objext=o
ac_cv_path_EGREP='/bin/grep -E'
ac_cv_path_GREP=/bin/grep
ac_cv_path_install='/usr/local/bin/install -c'
ac_cv_path_mkdir=/usr/local/bin/mkdir
ac_cv_prog_AWK=gawk
ac_cv_prog_CPP='gcc -E'
ac_cv_prog_CXXCPP='g++ -E'
ac_cv_prog_ac_ct_AR=ar
ac_cv_prog_ac_ct_CC=gcc
ac_cv_prog_ac_ct_CXX=g++
ac_cv_prog_ac_ct_RANLIB=ranlib
ac_cv_prog_ac_ct_STRIP=strip
ac_cv_prog_cc_c89=
ac_cv_prog_cc_g=yes
ac_cv_prog_cxx_g=yes
ac_cv_prog_f77_g=no
ac_cv_prog_make_make_set=yes
am_cv_CC_dependencies_compiler_type=gcc3
am_cv_CXX_dependencies_compiler_type=gcc3
lt_cv_deplibs_check_method=pass_all
lt_cv_file_magic_cmd='$MAGIC_CMD'
lt_cv_file_magic_test_file=
lt_cv_ld_reload_flag=-r
lt_cv_objdir=.libs
lt_cv_path_LD=/usr/local/bin/ld
lt_cv_path_LDCXX=/usr/local/bin/ld
lt_cv_path_NM='/usr/local/bin/nm -B'
lt_cv_path_SED=/bin/sed
lt_cv_prog_compiler_c_o=yes
lt_cv_prog_compiler_c_o_CXX=yes
lt_cv_prog_compiler_pic_works=yes
lt_cv_prog_compiler_pic_works_CXX=yes
lt_cv_prog_compiler_rtti_exceptions=no
lt_cv_prog_compiler_static_works=yes
lt_cv_prog_compiler_static_works_CXX=yes
lt_cv_prog_gnu_ld=yes
lt_cv_prog_gnu_ldcxx=yes
lt_cv_sys_global_symbol_pipe='sed -n -e '\''s/^.*[ 	]\([ABCDGIRSTW][ABCDGIRSTW]*\)[ 	][ 	]*\([_A-Za-z][_A-Za-z0-9]*\)$/\1 \2 \2/p'\'''
lt_cv_sys_global_symbol_to_c_name_address='sed -n -e '\''s/^: \([^ ]*\) $/  {\"\1\", (lt_ptr) 0},/p'\'' -e '\''s/^[BCDEGRST] \([^ ]*\) \([^ ]*\)$/  {"\2", (lt_ptr) \&\2},/p'\'''
lt_cv_sys_global_symbol_to_cdecl='sed -n -e '\''s/^. .* \(.*\)$/extern int \1;/p'\'''
lt_cv_sys_lib_dlsearch_path_spec='/lib /usr/lib /lib/i486-linux-gnu /usr/lib/i486-linux-gnu /usr/local/lib /usr/lib /lib '
lt_cv_sys_lib_search_path_spec='/usr/lib/gcc/i486-linux-gnu/4.3.1 /usr/lib /lib'
lt_cv_sys_max_cmd_len=98304
lt_lt_cv_prog_compiler_c_o='"yes"'
lt_lt_cv_prog_compiler_c_o_CXX='"yes"'
lt_lt_cv_sys_global_symbol_pipe='"sed -n -e '\''s/^.*[ 	]\\([ABCDGIRSTW][ABCDGIRSTW]*\\)[ 	][ 	]*\\([_A-Za-z][_A-Za-z0-9]*\\)\$/\\1 \\2 \\2/p'\''"'
lt_lt_cv_sys_global_symbol_to_c_name_address='"sed -n -e '\''s/^: \\([^ ]*\\) \$/  {\\\"\\1\\\", (lt_ptr) 0},/p'\'' -e '\''s/^[BCDEGRST] \\([^ ]*\\) \\([^ ]*\\)\$/  {\"\\2\", (lt_ptr) \\&\\2},/p'\''"'
lt_lt_cv_sys_global_symbol_to_cdecl='"sed -n -e '\''s/^. .* \\(.*\\)\$/extern int \\1;/p'\''"'

## ----------------- ##
## Output variables. ##
## ----------------- ##

ACLOCAL='${SHELL} /mnt/sda7/part7/whiteHawk/svn/Framework/whsystem/config/missing --run aclocal-1.10'
AMDEPBACKSLASH='\'
AMDEP_FALSE='#'
AMDEP_TRUE=''
AMTAR='${SHELL} /mnt/sda7/part7/whiteHawk/svn/Framework/whsystem/config/missing --run tar'
AR='ar'
AUTOCONF='${SHELL} /mnt/sda7/part7/whiteHawk/svn/Framework/whsystem/config/missing --run autoconf'
AUTOHEADER='${SHELL} /mnt/sda7/part7/whiteHawk/svn/Framework/whsystem/config/missing --run autoheader'
AUTOMAKE='${SHELL} /mnt/sda7/part7/whiteHawk/svn/Framework/whsystem/config/missing --run automake-1.10'
AWK='gawk'
CC='gcc'
CCDEPMODE='depmode=gcc3'
CFLAGS='-g -O2'
CPP='gcc -E'
CPPFLAGS=''
CXX='g++'
CXXCPP='g++ -E'
CXXDEPMODE='depmode=gcc3'
CXXFLAGS='-g -O2'
CYGPATH_W='echo'
DEFS='-DPACKAGE_NAME=\"whitehawkSystem\" -DPACKAGE_TARNAME=\"whitehawksystem\" -DPACKAGE_VERSION=\"1.0\" -DPACKAGE_STRING=\"whitehawkSystem\ 1.0\" -DPACKAGE_BUGREPORT=\"darkhawk665@yahoo.com\" -DPACKAGE=\"whitehawksystem\" -DVERSION=\"1.0\" -DSTDC_HEADERS=1 -DHAVE_SYS_TYPES_H=1 -DHAVE_SYS_STAT_H=1 -DHAVE_STDLIB_H=1 -DHAVE_STRING_H=1 -DHAVE_MEMORY_H=1 -DHAVE_STRINGS_H=1 -DHAVE_INTTYPES_H=1 -DHAVE_STDINT_H=1 -DHAVE_UNISTD_H=1 -DHAVE_DLFCN_H=1 -DSTDC_HEADERS=1 -DHAVE_FCNTL_H=1 -DHAVE_ZZIP_LIB_H=1'
DEPDIR='.deps'
DSYMUTIL=''
ECHO='echo'
ECHO_C=''
ECHO_N='-n'
ECHO_T=''
EGREP='/bin/grep -E'
EXEEXT=''
F77=''
FFLAGS=''
GREP='/bin/grep'
INSTALL_DATA='${INSTALL} -m 644'
INSTALL_PROGRAM='${INSTALL}'
INSTALL_SCRIPT='${INSTALL}'
INSTALL_STRIP_PROGRAM='$(install_sh) -c -s'
LDFLAGS=''
LEX='${SHELL} /mnt/sda7/part7/whiteHawk/svn/Framework/whsystem/config/missing --run flex'
LEXLIB=''
LEX_OUTPUT_ROOT=''
LIBOBJS=''
LIBS=''
LIBTOOL='$(SHELL) $(top_builddir)/libtool'
LN_S='ln -s'
LTLIBOBJS=''
MAKEINFO='${SHELL} /mnt/sda7/part7/whiteHawk/svn/Framework/whsystem/config/missing --run makeinfo'
NMEDIT=''
OBJEXT='o'
PACKAGE='whitehawksystem'
PACKAGE_BUGREPORT='darkhawk665@yahoo.com'
PACKAGE_NAME='whitehawkSystem'
PACKAGE_STRING='whitehawkSystem 1.0'
PACKAGE_TARNAME='whitehawksystem'
PACKAGE_VERSION='1.0'
PATH_SEPARATOR=':'
RANLIB='ranlib'
SED='/bin/sed'
SET_MAKE=''
SHELL='/bin/sh'
STRIP='strip'
VERSION='1.0'
YACC='yacc'
YFLAGS=''
ac_ct_CC='gcc'
ac_ct_CXX='g++'
ac_ct_F77=''
am__fastdepCC_FALSE='#'
am__fastdepCC_TRUE=''
am__fastdepCXX_FALSE='#'
am__fastdepCXX_TRUE=''
am__include='include'
am__isrc=''
am__leading_dot='.'
am__quote=''
am__tar='${AMTAR} chof - "$$tardir"'
am__untar='${AMTAR} xf -'
bindir='${exec_prefix}/bin'
build='i686-pc-linux-gnu'
build_alias=''
build_cpu='i686'
build_os='linux-gnu'
build_vendor='pc'
datadir='${datarootdir}'
datarootdir='${prefix}/share'
docdir='${datarootdir}/doc/${PACKAGE_TARNAME}'
dvidir='${docdir}'
exec_prefix='${prefix}'
host='i686-pc-linux-gnu'
host_alias=''
host_cpu='i686'
host_os='linux-gnu'
host_vendor='pc'
htmldir='${docdir}'
includedir='${prefix}/include'
infodir='${datarootdir}/info'
install_sh='$(SHELL) /mnt/sda7/part7/whiteHawk/svn/Framework/whsystem/config/install-sh'
libdir='${exec_prefix}/lib'
libexecdir='${exec_prefix}/libexec'
localedir='${datarootdir}/locale'
localstatedir='${prefix}/var'
mandir='${datarootdir}/man'
mkdir_p='/usr/local/bin/mkdir -p'
oldincludedir='/usr/include'
pdfdir='${docdir}'
prefix='/usr/local'
program_transform_name='s,x,x,'
psdir='${docdir}'
sbindir='${exec_prefix}/sbin'
sharedstatedir='${prefix}/com'
sysconfdir='${prefix}/etc'
target_alias=''

## ----------- ##
## confdefs.h. ##
## ----------- ##

#define PACKAGE_NAME "whitehawkSystem"
#define PACKAGE_TARNAME "whitehawksystem"
#define PACKAGE_VERSION "1.0"
#define PACKAGE_STRING "whitehawkSystem 1.0"
#define PACKAGE_BUGREPORT "darkhawk665@yahoo.com"
#define PACKAGE "whitehawksystem"
#define VERSION "1.0"
#define STDC_HEADERS 1
#define HAVE_SYS_TYPES_H 1
#define HAVE_SYS_STAT_H 1
#define HAVE_STDLIB_H 1
#define HAVE_STRING_H 1
#define HAVE_MEMORY_H 1
#define HAVE_STRINGS_H 1
#define HAVE_INTTYPES_H 1
#define HAVE_STDINT_H 1
#define HAVE_UNISTD_H 1
#define HAVE_DLFCN_H 1
#define STDC_HEADERS 1
#define HAVE_FCNTL_H 1
#define HAVE_ZZIP_LIB_H 1

configure: exit 0
